Build started 2016/11/30 20:08:24.
     1>Project "C:\Users\xx\Desktop\C++\CppWindowsService\CppWindowsService.vcxproj" on node 2 (build target(s)).
     1>InitializeBuildStatus:
         Creating "Win32\Debug\CppWindowsService.unsuccessfulbuild" because "AlwaysCreate" was specified.
       ClCompile:
         c:\Program Files (x86)\Microsoft Visual Studio 10.0\VC\bin\CL.exe /c /ZI /nologo /W3 /WX- /Od /Oy- /D WIN32 /D _DEBUG /D _CONSOLE /D _UNICODE /D UNICODE /Gm /EHsc /RTC1 /MDd /GS /fp:precise /Zc:wchar_t /Zc:forScope /Fo"Win32\Debug\\" /Fd"Win32\Debug\vc100.pdb" /Gd /TP /analyze- /errorReport:prompt ServiceInstaller.cpp
         ServiceInstaller.cpp
       ManifestResourceCompile:
         All outputs are up-to-date.
       Link:
         c:\Program Files (x86)\Microsoft Visual Studio 10.0\VC\bin\link.exe /ERRORREPORT:PROMPT /OUT:"C:\Users\xx\Desktop\C++\Debug\CppWindowsService.exe" /INCREMENTAL /NOLOGO kernel32.lib user32.lib gdi32.lib winspool.lib comdlg32.lib advapi32.lib shell32.lib ole32.lib oleaut32.lib uuid.lib odbc32.lib odbccp32.lib /MANIFEST /ManifestFile:"Win32\Debug\CppWindowsService.exe.intermediate.manifest" /MANIFESTUAC:"level='asInvoker' uiAccess='false'" /DEBUG /PDB:"C:\Users\xx\Desktop\C++\Debug\CppWindowsService.pdb" /SUBSYSTEM:CONSOLE /TLBID:1 /DYNAMICBASE /NXCOMPAT /IMPLIB:"C:\Users\xx\Desktop\C++\Debug\CppWindowsService.lib" /MACHINE:X86 Win32\Debug\CppWindowsService.exe.embed.manifest.res
         Win32\Debug\CppWindowsService.obj
         Win32\Debug\SampleService.obj
         Win32\Debug\ServiceBase.obj
         Win32\Debug\ServiceInstaller.obj
       Manifest:
         c:\Program Files (x86)\Microsoft SDKs\Windows\v7.0A\bin\mt.exe /nologo /verbose /out:"Win32\Debug\CppWindowsService.exe.embed.manifest" /manifest Win32\Debug\CppWindowsService.exe.intermediate.manifest
         All outputs are up-to-date.
       LinkEmbedManifest:
         All outputs are up-to-date.
         CppWindowsService.vcxproj -> C:\Users\xx\Desktop\C++\Debug\CppWindowsService.exe
       FinalizeBuildStatus:
         Deleting file "Win32\Debug\CppWindowsService.unsuccessfulbuild".
         Touching "Win32\Debug\CppWindowsService.lastbuildstate".
     1>Done Building Project "C:\Users\xx\Desktop\C++\CppWindowsService\CppWindowsService.vcxproj" (build target(s)).

Build succeeded.

Time Elapsed 00:00:00.87
